<?xml version="1.0" encoding="UTF-8"?>
<!-- Generated by org.testng.reporters.JUnitReportReporter -->
<testsuite hostname="TYSS-Madhumitha" failures="0" tests="1" name="com.appium.project.gallery" time="7.015" errors="0" timestamp="2025-06-20T15:43:58 IST" skipped="0">
  <testcase classname="com.appium.project.gallery" name="testName" time="7.015"/>
</testsuite> <!-- com.appium.project.gallery -->
