<?xml version="1.0" encoding="UTF-8"?>
<!-- Generated by org.testng.reporters.JUnitReportReporter -->
<testsuite hostname="TYSS-Madhumitha" failures="0" tests="1" name="browserStack.MobileAppTest" time="33.954" errors="0" timestamp="2025-01-21T16:29:19 IST" skipped="0">
  <testcase classname="browserStack.MobileAppTest" name="mobileAppTest" time="33.954"/>
</testsuite> <!-- browserStack.MobileAppTest -->
