<?xml version="1.0" encoding="UTF-8"?>
<!-- Generated by org.testng.reporters.JUnitReportReporter -->
<testsuite hostname="TYSS-Madhumitha" failures="0" tests="1" name="browserStack.MobileAutomationBstack" time="23.868" errors="0" timestamp="2025-04-11T16:23:15 IST" skipped="0">
  <testcase classname="browserStack.MobileAutomationBstack" name="mobileWeb" time="23.868"/>
</testsuite> <!-- browserStack.MobileAutomationBstack -->
