<?xml version="1.0" encoding="UTF-8"?>
<!-- Generated by org.testng.reporters.JUnitReportReporter -->
<testsuite hostname="TYSS-Madhumitha" failures="0" tests="1" name="browserStack.BrowserStackTest" time="8.442" errors="0" timestamp="2025-01-27T13:33:20 IST" skipped="0">
  <testcase classname="browserStack.BrowserStackTest" name="webApp" time="8.442"/>
</testsuite> <!-- browserStack.BrowserStackTest -->
