<?xml version="1.0" encoding="UTF-8"?>
<!-- Generated by org.testng.reporters.JUnitReportReporter -->
<testsuite hostname="TYSS-Madhumitha" failures="0" tests="1" name="browserStack.WebAutomationBstack" time="9.858" errors="0" timestamp="2025-04-10T16:05:11 IST" skipped="0">
  <testcase classname="browserStack.WebAutomationBstack" name="web" time="9.858"/>
</testsuite> <!-- browserStack.WebAutomationBstack -->
